{
  "stats": {
    "suites": 1,
    "tests": 1,
    "passes": 1,
    "pending": 0,
    "failures": 0,
    "start": "2017-10-24T00:19:34.950Z",
    "end": "2017-10-24T00:19:37.884Z",
    "duration": 2934,
    "testsRegistered": 1,
    "passPercent": 100,
    "pendingPercent": 0,
    "other": 0,
    "hasOther": false,
    "skipped": 0,
    "hasSkipped": false,
    "passPercentClass": "success",
    "pendingPercentClass": "danger"
  },
  "suites": {
    "title": "",
    "suites": [
      {
        "title": "Elevate Solutions Home Page Test",
        "suites": [],
        "tests": [
          {
            "title": "Validate Elevate Solutions Home Page",
            "fullTitle": "Elevate Solutions Home Page Test: Validate Elevate Solutions Home Page",
            "timedOut": false,
            "duration": 1919,
            "state": "passed",
            "speed": "slow",
            "pass": true,
            "fail": false,
            "pending": false,
            "code": "I.amOnPage('https://test.elevatesolutions.co/');\nI.see('LEARN MORE');\nI.see('LOGIN');",
            "err": {},
            "isRoot": false,
            "uuid": "e911570c-3d95-45ee-9493-92de971bfb47",
            "parentUUID": "8771f9a5-60c8-48ea-830f-42fb12cc0ab8",
            "isHook": false,
            "skipped": false
          }
        ],
        "pending": [],
        "root": false,
        "_timeout": 0,
        "file": "/My First Test_test.js",
        "uuid": "8771f9a5-60c8-48ea-830f-42fb12cc0ab8",
        "beforeHooks": [
          {
            "title": "\"before all\" hook: codeceptjs.beforeSuite",
            "fullTitle": "Elevate Solutions Home Page Test: \"before all\" hook: codeceptjs.beforeSuite",
            "timedOut": false,
            "duration": 1,
            "pass": false,
            "fail": false,
            "pending": false,
            "code": "scenario.suiteSetup(suite)",
            "err": {},
            "isRoot": false,
            "uuid": "6c04e4a8-358e-440b-bd9a-aa73e7d64ae0",
            "parentUUID": "8771f9a5-60c8-48ea-830f-42fb12cc0ab8",
            "isHook": true,
            "skipped": false
          },
          {
            "title": "\"before each\" hook: codeceptjs.before",
            "fullTitle": "Elevate Solutions Home Page Test: \"before each\" hook: codeceptjs.before",
            "timedOut": false,
            "duration": 946,
            "pass": false,
            "fail": false,
            "pending": false,
            "code": "scenario.setup(suite)",
            "err": {},
            "isRoot": false,
            "uuid": "90a97f75-5d80-41e2-bdc9-a890566f0334",
            "parentUUID": "8771f9a5-60c8-48ea-830f-42fb12cc0ab8",
            "isHook": true,
            "skipped": false
          }
        ],
        "afterHooks": [
          {
            "title": "\"after all\" hook: codeceptjs.afterSuite",
            "fullTitle": "Elevate Solutions Home Page Test: \"after all\" hook: codeceptjs.afterSuite",
            "timedOut": false,
            "duration": 0,
            "pass": false,
            "fail": false,
            "pending": false,
            "code": "scenario.suiteTeardown(suite)",
            "err": {},
            "isRoot": false,
            "uuid": "93ab5e4f-0f07-4cf7-90c3-2716a2729d33",
            "parentUUID": "8771f9a5-60c8-48ea-830f-42fb12cc0ab8",
            "isHook": true,
            "skipped": false
          },
          {
            "title": "\"after each\" hook: finalize codeceptjs",
            "fullTitle": "Elevate Solutions Home Page Test: \"after each\" hook: finalize codeceptjs",
            "timedOut": false,
            "duration": 60,
            "pass": false,
            "fail": false,
            "pending": false,
            "code": "scenario.teardown(suite)",
            "err": {},
            "isRoot": false,
            "uuid": "c6ce9951-a56b-49fe-b409-d22e9b6be9e2",
            "parentUUID": "8771f9a5-60c8-48ea-830f-42fb12cc0ab8",
            "isHook": true,
            "skipped": false
          }
        ],
        "fullFile": "/Users/kyrtice/Documents/GitHub/ElevateTest/My First Test_test.js",
        "passes": [
          {
            "title": "Validate Elevate Solutions Home Page",
            "fullTitle": "Elevate Solutions Home Page Test: Validate Elevate Solutions Home Page",
            "timedOut": false,
            "duration": 1919,
            "state": "passed",
            "speed": "slow",
            "pass": true,
            "fail": false,
            "pending": false,
            "code": "I.amOnPage('https://test.elevatesolutions.co/');\nI.see('LEARN MORE');\nI.see('LOGIN');",
            "err": {},
            "isRoot": false,
            "uuid": "e911570c-3d95-45ee-9493-92de971bfb47",
            "parentUUID": "8771f9a5-60c8-48ea-830f-42fb12cc0ab8",
            "isHook": false,
            "skipped": false
          }
        ],
        "failures": [],
        "skipped": [],
        "hasBeforeHooks": true,
        "hasAfterHooks": true,
        "hasTests": true,
        "hasSuites": false,
        "totalTests": 1,
        "totalPasses": 1,
        "totalFailures": 0,
        "totalPending": 0,
        "totalSkipped": 0,
        "hasPasses": true,
        "hasFailures": false,
        "hasPending": false,
        "hasSkipped": false,
        "duration": 1919,
        "rootEmpty": false
      }
    ],
    "tests": [],
    "pending": [],
    "root": true,
    "_timeout": 0,
    "uuid": "dab43b48-6a98-4ebd-8ef0-236f4f4e2f54",
    "beforeHooks": [],
    "afterHooks": [],
    "fullFile": "",
    "file": "",
    "passes": [],
    "failures": [],
    "skipped": [],
    "hasBeforeHooks": false,
    "hasAfterHooks": false,
    "hasTests": false,
    "hasSuites": true,
    "totalTests": 0,
    "totalPasses": 0,
    "totalFailures": 0,
    "totalPending": 0,
    "totalSkipped": 0,
    "hasPasses": false,
    "hasFailures": false,
    "hasPending": false,
    "hasSkipped": false,
    "duration": 0,
    "rootEmpty": true
  },
  "allTests": [
    {
      "title": "Validate Elevate Solutions Home Page",
      "fullTitle": "Elevate Solutions Home Page Test: Validate Elevate Solutions Home Page",
      "timedOut": false,
      "duration": 1919,
      "state": "passed",
      "speed": "slow",
      "pass": true,
      "fail": false,
      "pending": false,
      "code": "I.amOnPage('https://test.elevatesolutions.co/');\nI.see('LEARN MORE');\nI.see('LOGIN');",
      "err": {},
      "isRoot": false,
      "uuid": "e911570c-3d95-45ee-9493-92de971bfb47",
      "parentUUID": "8771f9a5-60c8-48ea-830f-42fb12cc0ab8",
      "isHook": false,
      "skipped": false
    }
  ],
  "allPending": [],
  "allPasses": [
    {
      "title": "Validate Elevate Solutions Home Page",
      "fullTitle": "Elevate Solutions Home Page Test: Validate Elevate Solutions Home Page",
      "timedOut": false,
      "duration": 1919,
      "state": "passed",
      "speed": "slow",
      "pass": true,
      "fail": false,
      "pending": false,
      "code": "I.amOnPage('https://test.elevatesolutions.co/');\nI.see('LEARN MORE');\nI.see('LOGIN');",
      "err": {},
      "isRoot": false,
      "uuid": "e911570c-3d95-45ee-9493-92de971bfb47",
      "parentUUID": "8771f9a5-60c8-48ea-830f-42fb12cc0ab8",
      "isHook": false,
      "skipped": false
    }
  ],
  "allFailures": [],
  "copyrightYear": 2017
}